[01-Apr-2025 18:33:35 Europe/Berlin] Processing payment submission
[01-Apr-2025 18:33:35 Europe/Berlin] Payment submission for reservation code: JT2504058962
[01-Apr-2025 18:33:35 Europe/Berlin] File details - Name: Screenshot_2025-03-12-13-20-12-239_com.globe.gcash.android.jpg, Type: image/jpeg, Size: 349519, Error: 0
[01-Apr-2025 18:33:35 Europe/Berlin] File uploaded successfully to uploads/payment_proofs/JT2504058962_1743525215.jpg
[01-Apr-2025 18:33:35 Europe/Berlin] Database connection successful
[01-Apr-2025 18:33:35 Europe/Berlin] Using reservation table: guest_reservation
[01-Apr-2025 18:33:35 Europe/Berlin] Error in process_payment.php: Unknown column 'total_amount' in 'field list'
[01-Apr-2025 18:33:35 Europe/Berlin] Deleted uploaded file due to error
[01-Apr-2025 18:38:18 Europe/Berlin] Processing payment submission
[01-Apr-2025 18:38:18 Europe/Berlin] Payment submission for reservation code: JT2504058962
[01-Apr-2025 18:38:18 Europe/Berlin] File details - Name: Screenshot_2025-03-12-13-20-12-239_com.globe.gcash.android.jpg, Type: image/jpeg, Size: 349519, Error: 0
[01-Apr-2025 18:38:18 Europe/Berlin] File uploaded successfully to uploads/payment_proofs/JT2504058962_1743525498.jpg
[01-Apr-2025 18:38:18 Europe/Berlin] Database connection successful
[01-Apr-2025 18:38:18 Europe/Berlin] Using reservation table: guest_reservation
[01-Apr-2025 18:38:18 Europe/Berlin] Error in process_payment.php: Duplicate entry 'JT2504058962' for key 'reservation_code'
[01-Apr-2025 18:38:18 Europe/Berlin] Deleted uploaded file due to error
[01-Apr-2025 18:39:56 Europe/Berlin] Processing payment submission
[01-Apr-2025 18:39:56 Europe/Berlin] Payment submission for reservation code: JB2504068466
[01-Apr-2025 18:39:56 Europe/Berlin] File details - Name: Screenshot_2025-03-12-13-20-12-239_com.globe.gcash.android.jpg, Type: image/jpeg, Size: 349519, Error: 0
[01-Apr-2025 18:39:56 Europe/Berlin] File uploaded successfully to uploads/payment_proofs/JB2504068466_1743525596.jpg
[01-Apr-2025 18:39:56 Europe/Berlin] Database connection successful
[01-Apr-2025 18:39:56 Europe/Berlin] Using reservation table: guest_reservation
[01-Apr-2025 18:39:56 Europe/Berlin] Error in process_payment.php: Duplicate entry 'JB2504068466' for key 'reservation_code'
[01-Apr-2025 18:39:56 Europe/Berlin] Deleted uploaded file due to error
[01-Apr-2025 18:41:50 Europe/Berlin] Processing payment submission
[01-Apr-2025 18:41:50 Europe/Berlin] Payment submission for reservation code: 20250401-D8AF54
[01-Apr-2025 18:41:50 Europe/Berlin] File details - Name: Screenshot_2025-03-12-13-20-12-239_com.globe.gcash.android.jpg, Type: image/jpeg, Size: 349519, Error: 0
[01-Apr-2025 18:41:50 Europe/Berlin] File uploaded successfully to uploads/payment_proofs/20250401-D8AF54_1743525710.jpg
[01-Apr-2025 18:41:50 Europe/Berlin] Database connection successful
[01-Apr-2025 18:41:50 Europe/Berlin] Using reservation table: user_reservation
[01-Apr-2025 18:41:50 Europe/Berlin] Error in process_payment.php: Duplicate entry '20250401-D8AF54' for key 'reservation_code'
[01-Apr-2025 18:41:50 Europe/Berlin] Deleted uploaded file due to error
[02-Apr-2025 07:51:14 Europe/Berlin] Processing payment submission
[02-Apr-2025 07:51:15 Europe/Berlin] Payment submission for reservation code: 20250402-41ED23
[02-Apr-2025 07:51:15 Europe/Berlin] File details - Name: Screenshot_2025-03-12-13-20-12-239_com.globe.gcash.android.jpg, Type: image/jpeg, Size: 349519, Error: 0
[02-Apr-2025 07:51:15 Europe/Berlin] File uploaded successfully to uploads/payment_proofs/20250402-41ED23_1743573075.jpg
[02-Apr-2025 07:51:15 Europe/Berlin] Database connection successful
[02-Apr-2025 07:51:15 Europe/Berlin] Using reservation table: user_reservation
[02-Apr-2025 07:51:15 Europe/Berlin] Error in process_payment.php: Duplicate entry '20250402-41ED23' for key 'reservation_code'
[02-Apr-2025 07:51:15 Europe/Berlin] Deleted uploaded file due to error
[02-Apr-2025 08:12:07 Europe/Berlin] Processing payment submission
[02-Apr-2025 08:12:07 Europe/Berlin] Payment submission for reservation code: MS2504089136
[02-Apr-2025 08:12:07 Europe/Berlin] File details - Name: Screenshot_2025-03-12-13-20-12-239_com.globe.gcash.android.jpg, Type: image/jpeg, Size: 349519, Error: 0
[02-Apr-2025 08:12:07 Europe/Berlin] File uploaded successfully to uploads/payment_proofs/MS2504089136_1743574327.jpg
[02-Apr-2025 08:12:07 Europe/Berlin] Database connection successful
[02-Apr-2025 08:12:07 Europe/Berlin] Using reservation table: guest_reservation
[02-Apr-2025 08:12:07 Europe/Berlin] Error in process_payment.php: Duplicate entry 'MS2504089136' for key 'reservation_code'
[02-Apr-2025 08:12:07 Europe/Berlin] Deleted uploaded file due to error
[02-Apr-2025 08:45:01 Europe/Berlin] Processing payment submission
[02-Apr-2025 08:45:01 Europe/Berlin] Payment submission for reservation code: MS2504089136
[02-Apr-2025 08:45:01 Europe/Berlin] File details - Name: Screenshot_2025-03-12-13-20-12-239_com.globe.gcash.android.jpg, Type: image/jpeg, Size: 349519, Error: 0
[02-Apr-2025 08:45:01 Europe/Berlin] File uploaded successfully to uploads/payment_proofs/MS2504089136_1743576301.jpg
[02-Apr-2025 08:45:01 Europe/Berlin] Database connection successful
[02-Apr-2025 08:45:01 Europe/Berlin] Using reservation type: guest
[02-Apr-2025 08:45:01 Europe/Berlin] Error in process_payment.php: Duplicate entry 'MS2504089136' for key 'reservation_code'
[02-Apr-2025 08:45:01 Europe/Berlin] Deleted uploaded file due to error
[02-Apr-2025 08:47:14 Europe/Berlin] Processing payment submission
[02-Apr-2025 08:47:14 Europe/Berlin] Payment submission for reservation code: AM2504101669
[02-Apr-2025 08:47:14 Europe/Berlin] File details - Name: Screenshot_2025-03-12-13-20-12-239_com.globe.gcash.android.jpg, Type: image/jpeg, Size: 349519, Error: 0
[02-Apr-2025 08:47:14 Europe/Berlin] File uploaded successfully to uploads/payment_proofs/AM2504101669_1743576434.jpg
[02-Apr-2025 08:47:14 Europe/Berlin] Database connection successful
[02-Apr-2025 08:47:14 Europe/Berlin] Using reservation type: guest
[02-Apr-2025 08:47:14 Europe/Berlin] Error in process_payment.php: Duplicate entry 'AM2504101669' for key 'reservation_code'
[02-Apr-2025 08:47:14 Europe/Berlin] Deleted uploaded file due to error
[02-Apr-2025 08:55:46 Europe/Berlin] Processing payment submission
[02-Apr-2025 08:55:46 Europe/Berlin] Payment submission for reservation code: AM2504101669
[02-Apr-2025 08:55:46 Europe/Berlin] File details - Name: Screenshot_2025-03-12-13-20-12-239_com.globe.gcash.android.jpg, Type: image/jpeg, Size: 349519, Error: 0
[02-Apr-2025 08:55:46 Europe/Berlin] File uploaded successfully to uploads/payment_proofs/AM2504101669_1743576946.jpg
[02-Apr-2025 08:55:46 Europe/Berlin] Database connection successful
[02-Apr-2025 08:55:46 Europe/Berlin] Duplicate reservation code found: AM2504101669 (Type: guest)
[02-Apr-2025 08:55:46 Europe/Berlin] Error in process_payment.php: Reservation code already exists as a guest reservation.
[02-Apr-2025 08:55:46 Europe/Berlin] Deleted uploaded file due to error
[02-Apr-2025 08:57:37 Europe/Berlin] Processing payment submission
[02-Apr-2025 08:57:37 Europe/Berlin] Payment submission for reservation code: AM2504101669
[02-Apr-2025 08:57:37 Europe/Berlin] File details - Name: Screenshot_2025-03-12-13-20-12-239_com.globe.gcash.android.jpg, Type: image/jpeg, Size: 349519, Error: 0
[02-Apr-2025 08:57:37 Europe/Berlin] File uploaded successfully to uploads/payment_proofs/AM2504101669_1743577057.jpg
[02-Apr-2025 08:57:37 Europe/Berlin] Database connection successful
[02-Apr-2025 08:57:37 Europe/Berlin] Using reservation type: guest
[02-Apr-2025 08:57:37 Europe/Berlin] Reservation inserted with ID: 15
[02-Apr-2025 08:57:37 Europe/Berlin] Error in process_payment.php: Column 'user_id' cannot be null
[02-Apr-2025 08:57:37 Europe/Berlin] Deleted uploaded file due to error
[02-Apr-2025 08:59:14 Europe/Berlin] Processing payment submission
[02-Apr-2025 08:59:14 Europe/Berlin] Payment submission for reservation code: AM2504106058
[02-Apr-2025 08:59:14 Europe/Berlin] File details - Name: Screenshot_2025-03-12-13-20-12-239_com.globe.gcash.android.jpg, Type: image/jpeg, Size: 349519, Error: 0
[02-Apr-2025 08:59:14 Europe/Berlin] File uploaded successfully to uploads/payment_proofs/AM2504106058_1743577154.jpg
[02-Apr-2025 08:59:14 Europe/Berlin] Database connection successful
[02-Apr-2025 08:59:14 Europe/Berlin] Reservation code already exists: AM2504106058 (Type: guest)
[02-Apr-2025 08:59:14 Europe/Berlin] Error in process_payment.php: Column 'user_id' cannot be null
[02-Apr-2025 08:59:14 Europe/Berlin] Deleted uploaded file due to error
[02-Apr-2025 08:59:15 Europe/Berlin] Processing payment submission
[02-Apr-2025 08:59:15 Europe/Berlin] Payment submission for reservation code: AM2504106058
[02-Apr-2025 08:59:15 Europe/Berlin] File details - Name: Screenshot_2025-03-12-13-20-12-239_com.globe.gcash.android.jpg, Type: image/jpeg, Size: 349519, Error: 0
[02-Apr-2025 08:59:15 Europe/Berlin] File uploaded successfully to uploads/payment_proofs/AM2504106058_1743577155.jpg
[02-Apr-2025 08:59:15 Europe/Berlin] Database connection successful
[02-Apr-2025 08:59:15 Europe/Berlin] Reservation code already exists: AM2504106058 (Type: guest)
[02-Apr-2025 08:59:15 Europe/Berlin] Error in process_payment.php: Column 'user_id' cannot be null
[02-Apr-2025 08:59:15 Europe/Berlin] Deleted uploaded file due to error
[02-Apr-2025 09:02:25 Europe/Berlin] Processing payment submission
[02-Apr-2025 09:02:25 Europe/Berlin] Payment submission for reservation code: AM2504106058
[02-Apr-2025 09:02:25 Europe/Berlin] File details - Name: Screenshot_2025-03-12-13-20-12-239_com.globe.gcash.android.jpg, Type: image/jpeg, Size: 349519, Error: 0
[02-Apr-2025 09:02:25 Europe/Berlin] File uploaded successfully to uploads/payment_proofs/AM2504106058_1743577345.jpg
[02-Apr-2025 09:02:25 Europe/Berlin] Database connection successful
[02-Apr-2025 09:02:25 Europe/Berlin] Reservation code already exists: AM2504106058 (Type: guest)
[02-Apr-2025 09:02:25 Europe/Berlin] Payment record inserted
[02-Apr-2025 09:02:25 Europe/Berlin] Transaction committed successfully
[02-Apr-2025 09:11:34 Europe/Berlin] Processing payment submission
[02-Apr-2025 09:11:34 Europe/Berlin] Payment submission for reservation code: 20250402-10911C
[02-Apr-2025 09:11:34 Europe/Berlin] File details - Name: Screenshot_2025-03-12-13-20-12-239_com.globe.gcash.android.jpg, Type: image/jpeg, Size: 349519, Error: 0
[02-Apr-2025 09:11:34 Europe/Berlin] File uploaded successfully to uploads/payment_proofs/20250402-10911C_1743577894.jpg
[02-Apr-2025 09:11:34 Europe/Berlin] Database connection successful
[02-Apr-2025 09:11:34 Europe/Berlin] Reservation code already exists: 20250402-10911C (Type: user)
[02-Apr-2025 09:11:34 Europe/Berlin] Payment record inserted
[02-Apr-2025 09:11:34 Europe/Berlin] Transaction committed successfully
[02-Apr-2025 16:31:31 Europe/Berlin] Processing payment submission
[02-Apr-2025 16:31:31 Europe/Berlin] Payment submission for reservation code: JF2504124932
[02-Apr-2025 16:31:31 Europe/Berlin] File details - Name: Screenshot_2025-03-12-13-20-12-239_com.globe.gcash.android.jpg, Type: image/jpeg, Size: 349519, Error: 0
[02-Apr-2025 16:31:31 Europe/Berlin] File uploaded successfully to uploads/payment_proofs/JF2504124932_1743604291.jpg
[02-Apr-2025 16:31:31 Europe/Berlin] Database connection successful
[02-Apr-2025 16:31:31 Europe/Berlin] Reservation code already exists: JF2504124932 (Type: guest)
[02-Apr-2025 16:31:31 Europe/Berlin] Payment record inserted
[02-Apr-2025 16:31:31 Europe/Berlin] Transaction committed successfully
[03-Apr-2025 19:13:03 Europe/Berlin] Processing payment submission
[03-Apr-2025 19:13:03 Europe/Berlin] Payment submission for reservation code: AD2504277619
[03-Apr-2025 19:13:03 Europe/Berlin] File details - Name: Screenshot_2025-03-12-13-20-12-239_com.globe.gcash.android.jpg, Type: image/jpeg, Size: 349519, Error: 0
[03-Apr-2025 19:13:03 Europe/Berlin] File uploaded successfully to uploads/payment_proofs/AD2504277619_1743700383.jpg
[03-Apr-2025 19:13:03 Europe/Berlin] Database connection successful
[03-Apr-2025 19:13:03 Europe/Berlin] Reservation code already exists: AD2504277619 (Type: guest)
[03-Apr-2025 19:13:03 Europe/Berlin] Payment record inserted
[03-Apr-2025 19:13:03 Europe/Berlin] Transaction committed successfully
[04-Apr-2025 10:05:24 Europe/Berlin] Processing payment submission
[04-Apr-2025 10:05:24 Europe/Berlin] Payment submission for reservation code: HS2505097924
[04-Apr-2025 10:05:24 Europe/Berlin] File details - Name: Screenshot_2025-03-12-13-20-12-239_com.globe.gcash.android.jpg, Type: image/jpeg, Size: 349519, Error: 0
[04-Apr-2025 10:05:24 Europe/Berlin] File uploaded successfully to uploads/payment_proofs/HS2505097924_1743753924.jpg
[04-Apr-2025 10:05:24 Europe/Berlin] Database connection successful
[04-Apr-2025 10:05:24 Europe/Berlin] Reservation code already exists: HS2505097924 (Type: guest)
[04-Apr-2025 10:05:24 Europe/Berlin] Payment record inserted
[04-Apr-2025 10:05:24 Europe/Berlin] Transaction committed successfully
[05-Apr-2025 15:55:23 Europe/Berlin] PHP Fatal error:  Uncaught ArgumentCountError: The number of elements in the type definition string must match the number of bind variables in D:\xampp\htdocs\reservation-billing\process_booking_p2.php:66
Stack trace:
#0 D:\xampp\htdocs\reservation-billing\process_booking_p2.php(66): mysqli_stmt->bind_param('sssiiissssss', 'BOOK17438613236...', '2025-04-06', '2025-04-07', '2', '0', '1500.00', 'Cerike', 'Samosa', 'ayk.example@yah...', '09124563421', '', 'bank-transfer', '{"bank_transfer...')
#1 {main}
  thrown in D:\xampp\htdocs\reservation-billing\process_booking_p2.php on line 66
[05-Apr-2025 17:26:18 Europe/Berlin] Booking error: Cannot add or update a child row: a foreign key constraint fails (`resort_db`.`p2_guest_reservation_room`, CONSTRAINT `p2_guest_reservation_room_ibfk_1` FOREIGN KEY (`reservation_id`) REFERENCES `guest_reservation` (`id`) ON DELETE CASCADE)
[05-Apr-2025 17:35:25 Europe/Berlin] Reservation created with ID: 13
[05-Apr-2025 17:35:25 Europe/Berlin] Inserting room: reservation_id=13, room_id=3, quantity=1, price=4000
[05-Apr-2025 17:36:00 Europe/Berlin] Reservation created with ID: 14
[05-Apr-2025 17:36:00 Europe/Berlin] Inserting room: reservation_id=14, room_id=3, quantity=1, price=4000
[05-Apr-2025 17:37:24 Europe/Berlin] Reservation created with ID: 15
[05-Apr-2025 17:37:24 Europe/Berlin] Inserting room: reservation_id=15, room_id=3, quantity=1, price=4000
[05-Apr-2025 17:42:09 Europe/Berlin] PHP Deprecated:  Constant FILTER_SANITIZE_STRING is deprecated in D:\xampp\htdocs\reservation-billing\process_booking_p2.php on line 41
[05-Apr-2025 17:42:09 Europe/Berlin] PHP Deprecated:  Constant FILTER_SANITIZE_STRING is deprecated in D:\xampp\htdocs\reservation-billing\process_booking_p2.php on line 42
[05-Apr-2025 17:42:09 Europe/Berlin] PHP Deprecated:  Constant FILTER_SANITIZE_STRING is deprecated in D:\xampp\htdocs\reservation-billing\process_booking_p2.php on line 45
[05-Apr-2025 17:42:09 Europe/Berlin] PHP Deprecated:  Constant FILTER_SANITIZE_STRING is deprecated in D:\xampp\htdocs\reservation-billing\process_booking_p2.php on line 46
[05-Apr-2025 17:42:09 Europe/Berlin] PHP Deprecated:  Constant FILTER_SANITIZE_STRING is deprecated in D:\xampp\htdocs\reservation-billing\process_booking_p2.php on line 48
[05-Apr-2025 17:42:09 Europe/Berlin] PHP Deprecated:  Constant FILTER_SANITIZE_STRING is deprecated in D:\xampp\htdocs\reservation-billing\process_booking_p2.php on line 49
[05-Apr-2025 17:42:09 Europe/Berlin] PHP Deprecated:  Constant FILTER_SANITIZE_STRING is deprecated in D:\xampp\htdocs\reservation-billing\process_booking_p2.php on line 51
[05-Apr-2025 17:42:09 Europe/Berlin] PHP Deprecated:  Constant FILTER_SANITIZE_STRING is deprecated in D:\xampp\htdocs\reservation-billing\process_booking_p2.php on line 59
[05-Apr-2025 17:42:09 Europe/Berlin] PHP Deprecated:  Constant FILTER_SANITIZE_STRING is deprecated in D:\xampp\htdocs\reservation-billing\process_booking_p2.php on line 60
[05-Apr-2025 17:42:09 Europe/Berlin] Booking error: Invalid date range selected
[05-Apr-2025 17:46:24 Europe/Berlin] Check-in: 2025-04-06, Check-out: 2025-04-07, Nights: 1
[05-Apr-2025 17:46:24 Europe/Berlin] Reservation created with ID: 16
[05-Apr-2025 17:46:24 Europe/Berlin] Inserting room: reservation_id=16, room_id=2, quantity=1, price=1500
[05-Apr-2025 17:46:24 Europe/Berlin] Inserting room: reservation_id=16, room_id=5, quantity=1, price=1000
[05-Apr-2025 17:47:59 Europe/Berlin] Check-in: 2025-04-06, Check-out: 2025-04-07, Nights: 1
[05-Apr-2025 17:47:59 Europe/Berlin] Reservation created with ID: 17
[05-Apr-2025 17:47:59 Europe/Berlin] Inserting room: reservation_id=17, room_id=2, quantity=1, price=1500
[05-Apr-2025 17:47:59 Europe/Berlin] Inserting room: reservation_id=17, room_id=5, quantity=1, price=1000
[05-Apr-2025 17:55:50 Europe/Berlin] Check-in: 2025-04-06, Check-out: 2025-04-07, Nights: 1
[05-Apr-2025 17:55:50 Europe/Berlin] Reservation created with ID: 18
[05-Apr-2025 17:55:50 Europe/Berlin] Inserting room: reservation_id=18, room_id=1, quantity=1, price=4000
[05-Apr-2025 17:55:50 Europe/Berlin] Transaction committed successfully. Booking reference: P217438685503786
[05-Apr-2025 17:55:50 Europe/Berlin] Response status: success
[05-Apr-2025 17:55:50 Europe/Berlin] About to redirect to: booking_success.php?ref=P217438685503786
[05-Apr-2025 17:55:50 Europe/Berlin] Redirecting to success page
[05-Apr-2025 17:58:14 Europe/Berlin] Check-in: 2025-04-06, Check-out: 2025-04-07, Nights: 1
[05-Apr-2025 17:58:14 Europe/Berlin] Reservation created with ID: 19
[05-Apr-2025 17:58:14 Europe/Berlin] Inserting room: reservation_id=19, room_id=2, quantity=1, price=1500
[05-Apr-2025 17:58:14 Europe/Berlin] Transaction committed successfully. Booking reference: P217438686944726
[05-Apr-2025 17:58:14 Europe/Berlin] Response status: success
[05-Apr-2025 17:58:14 Europe/Berlin] About to redirect to: booking_success.php?ref=P217438686944726
[05-Apr-2025 17:58:14 Europe/Berlin] Redirecting to success page
[05-Apr-2025 18:00:51 Europe/Berlin] Check-in: 2025-04-07, Check-out: 2025-04-08, Nights: 1
[05-Apr-2025 18:00:51 Europe/Berlin] Reservation created with ID: 20
[05-Apr-2025 18:00:51 Europe/Berlin] Inserting room: reservation_id=20, room_id=1, quantity=1, price=4000
[05-Apr-2025 18:00:51 Europe/Berlin] Transaction committed successfully. Booking reference: P217438688512564
[05-Apr-2025 18:00:51 Europe/Berlin] Response status: success
[05-Apr-2025 18:00:51 Europe/Berlin] About to redirect to: p2_booking_success.php?ref=P217438688512564
[05-Apr-2025 18:00:51 Europe/Berlin] Redirecting to success page
[05-Apr-2025 18:05:34 Europe/Berlin] Check-in: 2025-04-07, Check-out: 2025-04-08, Nights: 1
[05-Apr-2025 18:05:34 Europe/Berlin] Reservation created with ID: 21
[05-Apr-2025 18:05:34 Europe/Berlin] Inserting room: reservation_id=21, room_id=2, quantity=1, price=1500
[05-Apr-2025 18:05:34 Europe/Berlin] Inserting room: reservation_id=21, room_id=3, quantity=1, price=4000
[05-Apr-2025 18:05:34 Europe/Berlin] Transaction committed successfully. Booking reference: P217438691343962
[05-Apr-2025 18:05:34 Europe/Berlin] Response status: success
[05-Apr-2025 18:05:34 Europe/Berlin] About to redirect to: p2_booking_success.php?ref=P217438691343962
[05-Apr-2025 18:05:34 Europe/Berlin] Redirecting to success page
[05-Apr-2025 18:07:50 Europe/Berlin] Check-in: 2025-04-07, Check-out: 2025-04-08, Nights: 1
[05-Apr-2025 18:07:50 Europe/Berlin] Reservation created with ID: 22
[05-Apr-2025 18:07:50 Europe/Berlin] Inserting room: reservation_id=22, room_id=2, quantity=1, price=1500
[05-Apr-2025 18:07:50 Europe/Berlin] Transaction committed successfully. Booking reference: P217438692705749
[05-Apr-2025 18:07:50 Europe/Berlin] Response status: success
[05-Apr-2025 18:07:50 Europe/Berlin] About to redirect to: p2_booking_success.php?ref=P217438692705749
[05-Apr-2025 18:07:50 Europe/Berlin] Redirecting to success page
[05-Apr-2025 18:08:26 Europe/Berlin] Check-in: 2025-04-07, Check-out: 2025-04-08, Nights: 1
[05-Apr-2025 18:08:26 Europe/Berlin] Reservation created with ID: 23
[05-Apr-2025 18:08:26 Europe/Berlin] Inserting room: reservation_id=23, room_id=2, quantity=1, price=1500
[05-Apr-2025 18:08:26 Europe/Berlin] Transaction committed successfully. Booking reference: P217438693067782
[05-Apr-2025 18:08:26 Europe/Berlin] Response status: success
[05-Apr-2025 18:08:26 Europe/Berlin] About to redirect to: p2_booking_success.php?ref=P217438693067782
[05-Apr-2025 18:08:26 Europe/Berlin] Redirecting to success page
[05-Apr-2025 18:10:04 Europe/Berlin] Check-in: 2025-04-07, Check-out: 2025-04-08, Nights: 1
[05-Apr-2025 18:10:04 Europe/Berlin] Reservation created with ID: 24
[05-Apr-2025 18:10:04 Europe/Berlin] Inserting room: reservation_id=24, room_id=2, quantity=1, price=2000
[05-Apr-2025 18:10:05 Europe/Berlin] Transaction committed successfully. Booking reference: P217438694041923
[05-Apr-2025 18:10:05 Europe/Berlin] Response status: success
[05-Apr-2025 18:10:05 Europe/Berlin] About to redirect to: p2_booking_success.php?ref=P217438694041923
[05-Apr-2025 18:10:05 Europe/Berlin] Redirecting to success page
[05-Apr-2025 18:14:59 Europe/Berlin] Check-in: 2025-04-07, Check-out: 2025-04-08, Nights: 1
[05-Apr-2025 18:14:59 Europe/Berlin] Reservation created with ID: 25
[05-Apr-2025 18:14:59 Europe/Berlin] Inserting room: reservation_id=25, room_id=2, quantity=1, price=1500
[05-Apr-2025 18:14:59 Europe/Berlin] Transaction committed successfully. Booking reference: P217438696995720
[05-Apr-2025 18:14:59 Europe/Berlin] Response status: success
[05-Apr-2025 18:14:59 Europe/Berlin] About to redirect to: p2_booking_success.php?ref=P217438696995720
[05-Apr-2025 18:14:59 Europe/Berlin] Redirecting to success page
[05-Apr-2025 18:17:35 Europe/Berlin] Check-in: 2025-04-07, Check-out: 2025-04-08, Nights: 1
[05-Apr-2025 18:17:35 Europe/Berlin] Reservation created with ID: 26
[05-Apr-2025 18:17:35 Europe/Berlin] Inserting room: reservation_id=26, room_id=3, quantity=1, price=4000
[05-Apr-2025 18:17:35 Europe/Berlin] Transaction committed successfully. Booking reference: P217438698558976
[05-Apr-2025 18:17:35 Europe/Berlin] Response status: success
[05-Apr-2025 18:17:35 Europe/Berlin] About to redirect to: p2_booking_success.php?ref=P217438698558976
[05-Apr-2025 18:17:35 Europe/Berlin] Redirecting to success page
[05-Apr-2025 19:44:41 Europe/Berlin] Check-in: 2025-04-07, Check-out: 2025-04-08, Nights: 1
[05-Apr-2025 19:44:41 Europe/Berlin] Reservation created with ID: 27
[05-Apr-2025 19:44:41 Europe/Berlin] Inserting room: reservation_id=27, room_id=2, quantity=1, price=1500
[05-Apr-2025 19:44:41 Europe/Berlin] Transaction committed successfully. Booking reference: P217438750819983
[05-Apr-2025 19:44:41 Europe/Berlin] Response status: success
[05-Apr-2025 19:44:41 Europe/Berlin] About to redirect to: p2_booking_success.php?ref=P217438750819983
[05-Apr-2025 19:44:41 Europe/Berlin] Redirecting to success page
[05-Apr-2025 19:46:53 Europe/Berlin] Check-in: 2025-04-07, Check-out: 2025-04-08, Nights: 1
[05-Apr-2025 19:46:53 Europe/Berlin] Reservation created with ID: 28
[05-Apr-2025 19:46:53 Europe/Berlin] Inserting room: reservation_id=28, room_id=2, quantity=1, price=1500
[05-Apr-2025 19:46:53 Europe/Berlin] Inserting room: reservation_id=28, room_id=3, quantity=1, price=4000
[05-Apr-2025 19:46:54 Europe/Berlin] Transaction committed successfully. Booking reference: P217438752133810
[05-Apr-2025 19:46:54 Europe/Berlin] Response status: success
[05-Apr-2025 19:46:54 Europe/Berlin] About to redirect to: p2_booking_success.php?ref=P217438752133810
[05-Apr-2025 19:46:54 Europe/Berlin] Redirecting to success page
[05-Apr-2025 19:50:16 Europe/Berlin] Check-in: 2025-04-07, Check-out: 2025-04-08, Nights: 1
[05-Apr-2025 19:50:16 Europe/Berlin] Reservation created with ID: 29
[05-Apr-2025 19:50:16 Europe/Berlin] Inserting room: reservation_id=29, room_id=1, quantity=1, price=4000
[05-Apr-2025 19:50:16 Europe/Berlin] Transaction committed successfully. Booking reference: P217438754169812
[05-Apr-2025 19:50:16 Europe/Berlin] Response status: success
[05-Apr-2025 19:50:16 Europe/Berlin] About to redirect to: p2_booking_success.php?ref=P217438754169812
[05-Apr-2025 19:50:16 Europe/Berlin] Redirecting to success page
[05-Apr-2025 19:53:30 Europe/Berlin] Check-in: 2025-04-08, Check-out: 2025-04-09, Nights: 1
[05-Apr-2025 19:53:30 Europe/Berlin] Reservation created with ID: 30
[05-Apr-2025 19:53:30 Europe/Berlin] Inserting room: reservation_id=30, room_id=2, quantity=1, price=1500
[05-Apr-2025 19:53:30 Europe/Berlin] Transaction committed successfully. Booking reference: P217438756103324
[05-Apr-2025 19:56:49 Europe/Berlin] Check-in: 2025-04-23, Check-out: 2025-04-24, Nights: 1
[05-Apr-2025 19:56:49 Europe/Berlin] Reservation created with ID: 31
[05-Apr-2025 19:56:49 Europe/Berlin] Inserting room: reservation_id=31, room_id=3, quantity=1, price=4000
[05-Apr-2025 19:56:49 Europe/Berlin] Inserting room: reservation_id=31, room_id=4, quantity=1, price=2000
[05-Apr-2025 19:56:49 Europe/Berlin] Inserting room: reservation_id=31, room_id=7, quantity=1, price=3000
[05-Apr-2025 19:56:49 Europe/Berlin] Transaction committed successfully. Booking reference: P217438758096500
[05-Apr-2025 19:57:46 Europe/Berlin] Check-in: 2025-04-23, Check-out: 2025-04-24, Nights: 1
[05-Apr-2025 19:57:46 Europe/Berlin] Reservation created with ID: 32
[05-Apr-2025 19:57:46 Europe/Berlin] Inserting room: reservation_id=32, room_id=3, quantity=1, price=4000
[05-Apr-2025 19:57:46 Europe/Berlin] Inserting room: reservation_id=32, room_id=4, quantity=1, price=2000
[05-Apr-2025 19:57:46 Europe/Berlin] Inserting room: reservation_id=32, room_id=7, quantity=1, price=3000
[05-Apr-2025 19:57:46 Europe/Berlin] Transaction committed successfully. Booking reference: P217438758663090
[05-Apr-2025 20:03:55 Europe/Berlin] Check-in: 2025-04-07, Check-out: 2025-04-08, Nights: 1
[05-Apr-2025 20:03:55 Europe/Berlin] Reservation created with ID: 33
[05-Apr-2025 20:03:55 Europe/Berlin] Inserting room: reservation_id=33, room_id=3, quantity=1, price=4000
[05-Apr-2025 20:03:55 Europe/Berlin] Transaction committed successfully. Booking reference: P217438762358296
[05-Apr-2025 20:05:24 Europe/Berlin] Check-in: 2025-04-07, Check-out: 2025-04-08, Nights: 1
[05-Apr-2025 20:05:24 Europe/Berlin] Reservation created with ID: 34
[05-Apr-2025 20:05:24 Europe/Berlin] Inserting room: reservation_id=34, room_id=3, quantity=1, price=4000
[05-Apr-2025 20:05:24 Europe/Berlin] Transaction committed successfully. Booking reference: P217438763241668
[05-Apr-2025 20:06:53 Europe/Berlin] Check-in: 2025-04-07, Check-out: 2025-04-08, Nights: 1
[05-Apr-2025 20:06:53 Europe/Berlin] Reservation created with ID: 35
[05-Apr-2025 20:06:53 Europe/Berlin] Inserting room: reservation_id=35, room_id=2, quantity=1, price=1500
[05-Apr-2025 20:06:53 Europe/Berlin] Transaction committed successfully. Booking reference: P217438764131992
[05-Apr-2025 20:07:32 Europe/Berlin] Check-in: 2025-04-07, Check-out: 2025-04-08, Nights: 1
[05-Apr-2025 20:07:32 Europe/Berlin] Reservation created with ID: 36
[05-Apr-2025 20:07:32 Europe/Berlin] Inserting room: reservation_id=36, room_id=2, quantity=1, price=1500
[05-Apr-2025 20:07:32 Europe/Berlin] Transaction committed successfully. Booking reference: P217438764525204
[05-Apr-2025 20:10:36 Europe/Berlin] Check-in: 2025-04-07, Check-out: 2025-04-08, Nights: 1
[05-Apr-2025 20:10:36 Europe/Berlin] Reservation created with ID: 37
[05-Apr-2025 20:10:36 Europe/Berlin] Inserting room: reservation_id=37, room_id=1, quantity=1, price=4000
[05-Apr-2025 20:10:36 Europe/Berlin] Transaction committed successfully. Booking reference: P217438766369849
[05-Apr-2025 20:14:50 Europe/Berlin] Check-in: 2025-04-07, Check-out: 2025-04-08, Nights: 1
[05-Apr-2025 20:14:50 Europe/Berlin] Reservation created with ID: 38
[05-Apr-2025 20:14:50 Europe/Berlin] Inserting room: reservation_id=38, room_id=2, quantity=1, price=1500
[05-Apr-2025 20:14:50 Europe/Berlin] Transaction committed successfully. Booking reference: P217438768901575
[05-Apr-2025 20:14:50 Europe/Berlin] Redirecting: Success = true
[05-Apr-2025 20:15:14 Europe/Berlin] Check-in: 2025-04-07, Check-out: 2025-04-08, Nights: 1
[05-Apr-2025 20:15:14 Europe/Berlin] Reservation created with ID: 39
[05-Apr-2025 20:15:14 Europe/Berlin] Inserting room: reservation_id=39, room_id=2, quantity=1, price=1500
[05-Apr-2025 20:15:14 Europe/Berlin] Transaction committed successfully. Booking reference: P217438769146015
[05-Apr-2025 20:15:14 Europe/Berlin] Redirecting: Success = true
[05-Apr-2025 20:18:53 Europe/Berlin] Check-in: 2025-04-07, Check-out: 2025-04-08, Nights: 1
[05-Apr-2025 20:18:53 Europe/Berlin] Reservation created with ID: 40
[05-Apr-2025 20:18:53 Europe/Berlin] Inserting room: reservation_id=40, room_id=1, quantity=1, price=4000
[05-Apr-2025 20:18:53 Europe/Berlin] Transaction committed successfully. Booking reference: P217438771336150
[05-Apr-2025 20:18:53 Europe/Berlin] Redirecting: Success = true
[05-Apr-2025 20:20:16 Europe/Berlin] Check-in: 2025-04-07, Check-out: 2025-04-08, Nights: 1
[05-Apr-2025 20:20:16 Europe/Berlin] Reservation created with ID: 41
[05-Apr-2025 20:20:16 Europe/Berlin] Inserting room: reservation_id=41, room_id=3, quantity=1, price=4000
[05-Apr-2025 20:20:16 Europe/Berlin] Transaction committed successfully. Booking reference: P217438772167494
[05-Apr-2025 20:20:16 Europe/Berlin] Redirecting: Success = true
[05-Apr-2025 20:20:51 Europe/Berlin] Check-in: 2025-04-07, Check-out: 2025-04-08, Nights: 1
[05-Apr-2025 20:20:51 Europe/Berlin] Reservation created with ID: 42
[05-Apr-2025 20:20:51 Europe/Berlin] Inserting room: reservation_id=42, room_id=3, quantity=1, price=4000
[05-Apr-2025 20:20:51 Europe/Berlin] Transaction committed successfully. Booking reference: P217438772512104
[05-Apr-2025 20:20:51 Europe/Berlin] Redirecting: Success = true
[05-Apr-2025 20:25:40 Europe/Berlin] Check-in: 2025-04-07, Check-out: 2025-04-08, Nights: 1
[05-Apr-2025 20:25:40 Europe/Berlin] Reservation created with ID: 43
[05-Apr-2025 20:25:40 Europe/Berlin] Inserting room: reservation_id=43, room_id=2, quantity=1, price=1500
[05-Apr-2025 20:25:40 Europe/Berlin] Transaction committed successfully. Booking reference: P217438775408170
[05-Apr-2025 20:25:40 Europe/Berlin] Redirecting: Success = true
[05-Apr-2025 20:26:18 Europe/Berlin] Check-in: 2025-04-07, Check-out: 2025-04-08, Nights: 1
[05-Apr-2025 20:26:18 Europe/Berlin] Reservation created with ID: 44
[05-Apr-2025 20:26:18 Europe/Berlin] Inserting room: reservation_id=44, room_id=2, quantity=1, price=1500
[05-Apr-2025 20:26:18 Europe/Berlin] Transaction committed successfully. Booking reference: P217438775789315
[05-Apr-2025 20:26:18 Europe/Berlin] Redirecting: Success = true
[05-Apr-2025 20:30:25 Europe/Berlin] Check-in: 2025-04-24, Check-out: 2025-04-25, Nights: 1
[05-Apr-2025 20:30:25 Europe/Berlin] Reservation created with ID: 45
[05-Apr-2025 20:30:25 Europe/Berlin] Inserting room: reservation_id=45, room_id=3, quantity=1, price=6500
[05-Apr-2025 20:30:25 Europe/Berlin] Transaction committed successfully. Booking reference: P217438778252320
[05-Apr-2025 20:30:25 Europe/Berlin] Redirecting: Success = true
[05-Apr-2025 20:30:25 Europe/Berlin] Redirecting to success page: p2_booking_success.php?ref=P217438778252320
[06-Apr-2025 16:14:25 Europe/Berlin] Check-in: 2025-04-07, Check-out: 2025-04-08, Nights: 1
[06-Apr-2025 16:14:25 Europe/Berlin] Reservation created with ID: 46
[06-Apr-2025 16:14:25 Europe/Berlin] Inserting room: reservation_id=46, room_id=1, quantity=1, price=4000
[06-Apr-2025 16:14:25 Europe/Berlin] Inserting room: reservation_id=46, room_id=5, quantity=1, price=1000
[06-Apr-2025 16:14:25 Europe/Berlin] Transaction committed successfully. Booking reference: P217439488655821
[06-Apr-2025 16:14:25 Europe/Berlin] Redirecting: Success = true
[06-Apr-2025 16:14:25 Europe/Berlin] Redirecting to success page: p2_booking_success.php?ref=P217439488655821
[06-Apr-2025 16:19:36 Europe/Berlin] Check-in: 2025-04-07, Check-out: 2025-04-08, Nights: 1
[06-Apr-2025 16:19:36 Europe/Berlin] Reservation created with ID: 47
[06-Apr-2025 16:19:36 Europe/Berlin] Inserting room: reservation_id=47, room_id=3, quantity=1, price=4000
[06-Apr-2025 16:19:36 Europe/Berlin] Transaction committed successfully. Booking reference: P217439491767761
[06-Apr-2025 16:19:36 Europe/Berlin] Redirecting: Success = true
[06-Apr-2025 16:19:36 Europe/Berlin] Redirecting to success page: p2_booking_success.php?ref=P217439491767761
[06-Apr-2025 16:22:12 Europe/Berlin] Check-in: 2025-04-07, Check-out: 2025-04-08, Nights: 1
[06-Apr-2025 16:22:12 Europe/Berlin] Reservation created with ID: 48
[06-Apr-2025 16:22:12 Europe/Berlin] Inserting room: reservation_id=48, room_id=1, quantity=1, price=4000
[06-Apr-2025 16:22:12 Europe/Berlin] Inserting room: reservation_id=48, room_id=9, quantity=1, price=800
[06-Apr-2025 16:22:12 Europe/Berlin] Transaction committed successfully. Booking reference: P217439493328585
[06-Apr-2025 16:22:12 Europe/Berlin] Redirecting: Success = true
[06-Apr-2025 16:22:12 Europe/Berlin] Redirecting to success page: p2_booking_success.php?ref=P217439493328585
[06-Apr-2025 16:24:05 Europe/Berlin] Check-in: 2025-04-07, Check-out: 2025-04-08, Nights: 1
[06-Apr-2025 16:24:05 Europe/Berlin] Reservation created with ID: 49
[06-Apr-2025 16:24:05 Europe/Berlin] Inserting room: reservation_id=49, room_id=1, quantity=1, price=4000
[06-Apr-2025 16:24:05 Europe/Berlin] Inserting room: reservation_id=49, room_id=9, quantity=1, price=800
[06-Apr-2025 16:24:05 Europe/Berlin] Transaction committed successfully. Booking reference: P217439494457924
[06-Apr-2025 16:24:05 Europe/Berlin] Redirecting: Success = true
[06-Apr-2025 16:24:05 Europe/Berlin] Redirecting to success page: p2_booking_success.php?ref=P217439494457924
[06-Apr-2025 16:28:46 Europe/Berlin] Check-in: 2025-04-07, Check-out: 2025-04-08, Nights: 1
[06-Apr-2025 16:28:46 Europe/Berlin] Reservation created with ID: 50
[06-Apr-2025 16:28:46 Europe/Berlin] Inserting room: reservation_id=50, room_id=2, quantity=1, price=1500
[06-Apr-2025 16:28:46 Europe/Berlin] Transaction committed successfully. Booking reference: P217439497267865
[06-Apr-2025 16:28:46 Europe/Berlin] Redirecting: Success = true
[06-Apr-2025 17:22:29 Europe/Berlin] Check-in: 2025-04-07, Check-out: 2025-04-08, Nights: 1
[06-Apr-2025 17:22:29 Europe/Berlin] Reservation created with ID: 53
[06-Apr-2025 17:22:29 Europe/Berlin] Inserting room: reservation_id=53, room_id=2, quantity=1, price=1500
[06-Apr-2025 17:22:29 Europe/Berlin] Transaction committed successfully. Booking reference: P217439529496866
[06-Apr-2025 17:22:29 Europe/Berlin] Redirecting: Success = true
[06-Apr-2025 17:22:29 Europe/Berlin] Redirecting to success page: p2_booking_success.php?ref=P217439529496866
[06-Apr-2025 17:38:47 Europe/Berlin] Check-in: 2025-04-07, Check-out: 2025-04-08, Nights: 1
[06-Apr-2025 17:38:47 Europe/Berlin] Reservation created with ID: 54
[06-Apr-2025 17:38:47 Europe/Berlin] Inserting room: reservation_id=54, room_id=2, quantity=1, price=1500
[06-Apr-2025 17:38:47 Europe/Berlin] Inserting room: reservation_id=54, room_id=5, quantity=1, price=1000
[06-Apr-2025 17:38:47 Europe/Berlin] Transaction committed successfully. Booking reference: P217439539273021
[06-Apr-2025 17:38:47 Europe/Berlin] Redirecting: Success = true
[06-Apr-2025 17:48:54 Europe/Berlin] Processing payment submission
[06-Apr-2025 17:48:54 Europe/Berlin] Payment submission for reservation code: KS2504166773
[06-Apr-2025 17:48:54 Europe/Berlin] File details - Name: 678a60f86ef754.81329459.png, Type: image/png, Size: 825488, Error: 0
[06-Apr-2025 17:48:54 Europe/Berlin] File uploaded successfully to uploads/payment_proofs/KS2504166773_1743954534.png
[06-Apr-2025 17:48:54 Europe/Berlin] Database connection successful
[06-Apr-2025 17:48:54 Europe/Berlin] Reservation code already exists: KS2504166773 (Type: guest)
[06-Apr-2025 17:48:54 Europe/Berlin] Payment record inserted
[06-Apr-2025 17:48:54 Europe/Berlin] Transaction committed successfully
[06-Apr-2025 17:49:47 Europe/Berlin] Check-in: 2025-04-07, Check-out: 2025-04-08, Nights: 1
[06-Apr-2025 17:49:47 Europe/Berlin] Reservation created with ID: 55
[06-Apr-2025 17:49:47 Europe/Berlin] Inserting room: reservation_id=55, room_id=2, quantity=1, price=1500
[06-Apr-2025 17:49:47 Europe/Berlin] Transaction committed successfully. Booking reference: P217439545875940
[06-Apr-2025 17:49:47 Europe/Berlin] Redirecting: Success = true
[06-Apr-2025 18:16:05 Europe/Berlin] Check-in: 2025-04-09, Check-out: 2025-04-10, Nights: 1
[06-Apr-2025 18:16:05 Europe/Berlin] Reservation created with ID: 56
[06-Apr-2025 18:16:05 Europe/Berlin] Inserting room: reservation_id=56, room_id=3, quantity=1, price=4000
[06-Apr-2025 18:16:05 Europe/Berlin] Transaction committed successfully. Booking reference: P217439561651737
[06-Apr-2025 18:16:05 Europe/Berlin] Redirecting: Success = true
[07-Apr-2025 17:49:56 Europe/Berlin] Form submission received: {"check_in_date":"2025-04-10","check_out":"2025-04-11","adults":"4","children":"2","tour-type-1":"daytour","tour-type-2":"daytour","tour-type-3":"daytour","tour-type-4":"daytour","tour-type-5":"daytour","tour-type-6":"daytour","tour-type-7":"daytour","tour-type-8":"daytour","tour-type-9":"daytour","first_name":"Cerike","last_name":"Samosa","email":"samosa.ikediezel@ue.edu.ph","contact_number":"09125663432","special_requests":"","total_amount":"2000.00","payment_method":"gcash","gcash_number":"0954532132","gcash_name":"Ike Narciso","room_id":["4"],"room_quantity":["1"],"room_price":["2000"],"room_type":["daytour"]}
[07-Apr-2025 17:49:56 Europe/Berlin] POST data: Array
(
    [check_in_date] => 2025-04-10
    [check_out] => 2025-04-11
    [adults] => 4
    [children] => 2
    [tour-type-1] => daytour
    [tour-type-2] => daytour
    [tour-type-3] => daytour
    [tour-type-4] => daytour
    [tour-type-5] => daytour
    [tour-type-6] => daytour
    [tour-type-7] => daytour
    [tour-type-8] => daytour
    [tour-type-9] => daytour
    [first_name] => Cerike
    [last_name] => Samosa
    [email] => samosa.ikediezel@ue.edu.ph
    [contact_number] => 09125663432
    [special_requests] => 
    [total_amount] => 2000.00
    [payment_method] => gcash
    [gcash_number] => 0954532132
    [gcash_name] => Ike Narciso
    [room_id] => Array
        (
            [0] => 4
        )

    [room_quantity] => Array
        (
            [0] => 1
        )

    [room_price] => Array
        (
            [0] => 2000
        )

    [room_type] => Array
        (
            [0] => daytour
        )

)

[07-Apr-2025 17:49:56 Europe/Berlin] Booking error: All required fields must be filled out.
[07-Apr-2025 17:54:59 Europe/Berlin] Form submission received: {"check_in":"2025-04-10","check_out":"2025-04-11","adults":"4","children":"2","tour-type-1":"daytour","tour-type-2":"daytour","tour-type-3":"daytour","tour-type-4":"daytour","tour-type-5":"daytour","tour-type-6":"daytour","tour-type-7":"daytour","tour-type-8":"daytour","tour-type-9":"daytour","first_name":"Cerike","last_name":"Samosa","email":"samosa.ikediezel@ue.edu.ph","contact_number":"09374583254","special_requests":"","total_amount":"2000.00","payment_method":"gcash","gcash_number":"0954532132","gcash_name":"Ike Samosa","room_id":["4"],"room_quantity":["1"],"room_price":["2000"],"room_type":["daytour"]}
[07-Apr-2025 17:54:59 Europe/Berlin] POST data: Array
(
    [check_in] => 2025-04-10
    [check_out] => 2025-04-11
    [adults] => 4
    [children] => 2
    [tour-type-1] => daytour
    [tour-type-2] => daytour
    [tour-type-3] => daytour
    [tour-type-4] => daytour
    [tour-type-5] => daytour
    [tour-type-6] => daytour
    [tour-type-7] => daytour
    [tour-type-8] => daytour
    [tour-type-9] => daytour
    [first_name] => Cerike
    [last_name] => Samosa
    [email] => samosa.ikediezel@ue.edu.ph
    [contact_number] => 09374583254
    [special_requests] => 
    [total_amount] => 2000.00
    [payment_method] => gcash
    [gcash_number] => 0954532132
    [gcash_name] => Ike Samosa
    [room_id] => Array
        (
            [0] => 4
        )

    [room_quantity] => Array
        (
            [0] => 1
        )

    [room_price] => Array
        (
            [0] => 2000
        )

    [room_type] => Array
        (
            [0] => daytour
        )

)

[07-Apr-2025 17:54:59 Europe/Berlin] Check-in: 2025-04-10, Check-out: 2025-04-11, Nights: 1
[07-Apr-2025 17:54:59 Europe/Berlin] PHP Fatal error:  Uncaught Error: Object of class DateTime could not be converted to string in D:\xampp\htdocs\reservation-billing\process_booking_p2.php:93
Stack trace:
#0 D:\xampp\htdocs\reservation-billing\process_booking_p2.php(93): mysqli_stmt->execute()
#1 {main}
  thrown in D:\xampp\htdocs\reservation-billing\process_booking_p2.php on line 93
[07-Apr-2025 17:54:59 Europe/Berlin] Form submission received: []
[07-Apr-2025 17:58:53 Europe/Berlin] Form submission received: {"check_in":"2025-04-10","check_out":"2025-04-11","adults":"4","children":"2","tour-type-1":"daytour","tour-type-2":"daytour","tour-type-3":"daytour","tour-type-4":"daytour","tour-type-5":"daytour","tour-type-6":"daytour","tour-type-7":"daytour","tour-type-8":"daytour","tour-type-9":"daytour","first_name":"Cerike","last_name":"Samosa","email":"samosa.ikediezel@ue.edu.ph","contact_number":"09124563421","special_requests":"","total_amount":"2000.00","payment_method":"gcash","gcash_number":"0954532132","gcash_name":"Ike Samosa","room_id":["4"],"room_quantity":["1"],"room_price":["2000"],"room_type":["daytour"]}
[07-Apr-2025 17:58:53 Europe/Berlin] POST data: Array
(
    [check_in] => 2025-04-10
    [check_out] => 2025-04-11
    [adults] => 4
    [children] => 2
    [tour-type-1] => daytour
    [tour-type-2] => daytour
    [tour-type-3] => daytour
    [tour-type-4] => daytour
    [tour-type-5] => daytour
    [tour-type-6] => daytour
    [tour-type-7] => daytour
    [tour-type-8] => daytour
    [tour-type-9] => daytour
    [first_name] => Cerike
    [last_name] => Samosa
    [email] => samosa.ikediezel@ue.edu.ph
    [contact_number] => 09124563421
    [special_requests] => 
    [total_amount] => 2000.00
    [payment_method] => gcash
    [gcash_number] => 0954532132
    [gcash_name] => Ike Samosa
    [room_id] => Array
        (
            [0] => 4
        )

    [room_quantity] => Array
        (
            [0] => 1
        )

    [room_price] => Array
        (
            [0] => 2000
        )

    [room_type] => Array
        (
            [0] => daytour
        )

)

[07-Apr-2025 17:58:53 Europe/Berlin] Check-in: 2025-04-10, Check-out: 2025-04-11, Nights: 1
[07-Apr-2025 17:58:53 Europe/Berlin] Reservation created with ID: 57
[07-Apr-2025 17:58:53 Europe/Berlin] Inserting room: reservation_id=57, room_id=4, quantity=1, price=2000, type=daytour
[07-Apr-2025 17:58:53 Europe/Berlin] Booking error: Unknown column 'room_type' in 'field list'
[07-Apr-2025 18:08:25 Europe/Berlin] Form submission received: {"check_in":"2025-04-10","check_out":"2025-04-11","adults":"4","children":"2","tour-type-1":"daytour","tour-type-2":"daytour","tour-type-3":"daytour","tour-type-4":"daytour","tour-type-5":"daytour","tour-type-6":"daytour","tour-type-7":"daytour","tour-type-8":"daytour","tour-type-9":"daytour","first_name":"Cerike","last_name":"Samosa","email":"ikediezel.samosa@gmail.com","contact_number":"09374583254","special_requests":"","total_amount":"2000.00","payment_method":"gcash","gcash_number":"0954532132","gcash_name":"Ike Samosa","room_id":["4"],"room_quantity":["1"],"room_price":["2000"],"room_type":["daytour"]}
[07-Apr-2025 18:08:25 Europe/Berlin] POST data: Array
(
    [check_in] => 2025-04-10
    [check_out] => 2025-04-11
    [adults] => 4
    [children] => 2
    [tour-type-1] => daytour
    [tour-type-2] => daytour
    [tour-type-3] => daytour
    [tour-type-4] => daytour
    [tour-type-5] => daytour
    [tour-type-6] => daytour
    [tour-type-7] => daytour
    [tour-type-8] => daytour
    [tour-type-9] => daytour
    [first_name] => Cerike
    [last_name] => Samosa
    [email] => ikediezel.samosa@gmail.com
    [contact_number] => 09374583254
    [special_requests] => 
    [total_amount] => 2000.00
    [payment_method] => gcash
    [gcash_number] => 0954532132
    [gcash_name] => Ike Samosa
    [room_id] => Array
        (
            [0] => 4
        )

    [room_quantity] => Array
        (
            [0] => 1
        )

    [room_price] => Array
        (
            [0] => 2000
        )

    [room_type] => Array
        (
            [0] => daytour
        )

)

[07-Apr-2025 18:08:25 Europe/Berlin] Check-in: 2025-04-10, Check-out: 2025-04-11, Nights: 1
[07-Apr-2025 18:08:25 Europe/Berlin] Reservation created with ID: 58
[07-Apr-2025 18:08:25 Europe/Berlin] Inserting room: reservation_id=58, room_id=4, quantity=1, price=2000
[07-Apr-2025 18:08:26 Europe/Berlin] Booking error: Unknown column 'room_quantity' in 'field list'
[07-Apr-2025 18:09:27 Europe/Berlin] Form submission received: {"check_in":"2025-04-10","check_out":"2025-04-11","adults":"4","children":"2","tour-type-1":"daytour","tour-type-2":"daytour","tour-type-3":"daytour","tour-type-4":"daytour","tour-type-5":"daytour","tour-type-6":"daytour","tour-type-7":"daytour","tour-type-8":"daytour","tour-type-9":"daytour","first_name":"Cerike","last_name":"Samosa","email":"ikediezel.samosa@gmail.com","contact_number":"09374583254","special_requests":"","total_amount":"2000.00","payment_method":"gcash","gcash_number":"0954532132","gcash_name":"Ike Samosa","room_id":["4"],"room_quantity":["1"],"room_price":["2000"],"room_type":["daytour"]}
[07-Apr-2025 18:09:27 Europe/Berlin] POST data: Array
(
    [check_in] => 2025-04-10
    [check_out] => 2025-04-11
    [adults] => 4
    [children] => 2
    [tour-type-1] => daytour
    [tour-type-2] => daytour
    [tour-type-3] => daytour
    [tour-type-4] => daytour
    [tour-type-5] => daytour
    [tour-type-6] => daytour
    [tour-type-7] => daytour
    [tour-type-8] => daytour
    [tour-type-9] => daytour
    [first_name] => Cerike
    [last_name] => Samosa
    [email] => ikediezel.samosa@gmail.com
    [contact_number] => 09374583254
    [special_requests] => 
    [total_amount] => 2000.00
    [payment_method] => gcash
    [gcash_number] => 0954532132
    [gcash_name] => Ike Samosa
    [room_id] => Array
        (
            [0] => 4
        )

    [room_quantity] => Array
        (
            [0] => 1
        )

    [room_price] => Array
        (
            [0] => 2000
        )

    [room_type] => Array
        (
            [0] => daytour
        )

)

[07-Apr-2025 18:09:27 Europe/Berlin] Check-in: 2025-04-10, Check-out: 2025-04-11, Nights: 1
[07-Apr-2025 18:09:27 Europe/Berlin] Reservation created with ID: 59
[07-Apr-2025 18:09:27 Europe/Berlin] Inserting room: reservation_id=59, room_id=4, quantity=1, price=2000
[07-Apr-2025 18:09:27 Europe/Berlin] Transaction committed successfully. Booking reference: P217440421675416
[07-Apr-2025 19:23:25 Europe/Berlin] Form submission received: {"check_in":"2025-04-09","check_out":"2025-04-10","adults":"2","children":"0","tour-type-1":"daytour","tour-type-2":"daytour","tour-type-4":"daytour","tour-type-5":"daytour","tour-type-6":"daytour","tour-type-7":"daytour","tour-type-8":"daytour","tour-type-9":"daytour","first_name":"Jade","last_name":"Torrejas","email":"torrejas.jade@ue.edu.ph","contact_number":"09876524355","special_requests":"","total_amount":"1500.00","payment_method":"bank-transfer","gcash_number":"","gcash_name":"","room_id":["6"],"room_quantity":["1"],"room_price":["1500"],"room_type":["daytour"]}
[07-Apr-2025 19:23:25 Europe/Berlin] POST data: Array
(
    [check_in] => 2025-04-09
    [check_out] => 2025-04-10
    [adults] => 2
    [children] => 0
    [tour-type-1] => daytour
    [tour-type-2] => daytour
    [tour-type-4] => daytour
    [tour-type-5] => daytour
    [tour-type-6] => daytour
    [tour-type-7] => daytour
    [tour-type-8] => daytour
    [tour-type-9] => daytour
    [first_name] => Jade
    [last_name] => Torrejas
    [email] => torrejas.jade@ue.edu.ph
    [contact_number] => 09876524355
    [special_requests] => 
    [total_amount] => 1500.00
    [payment_method] => bank-transfer
    [gcash_number] => 
    [gcash_name] => 
    [room_id] => Array
        (
            [0] => 6
        )

    [room_quantity] => Array
        (
            [0] => 1
        )

    [room_price] => Array
        (
            [0] => 1500
        )

    [room_type] => Array
        (
            [0] => daytour
        )

)

[07-Apr-2025 19:23:25 Europe/Berlin] Check-in: 2025-04-09, Check-out: 2025-04-10, Nights: 1
[07-Apr-2025 19:23:25 Europe/Berlin] Reservation created with ID: 60
[07-Apr-2025 19:23:25 Europe/Berlin] Inserting room: reservation_id=60, room_id=6, quantity=1, price=1500
[07-Apr-2025 19:23:25 Europe/Berlin] Transaction committed successfully. Booking reference: P217440466059927
[07-Apr-2025 19:33:10 Europe/Berlin] Form submission received: {"check_in":"2025-04-10","check_out":"2025-04-11","adults":"2","children":"0","tour-type-1":"daytour","tour-type-2":"overnight","tour-type-3":"daytour","tour-type-5":"daytour","tour-type-6":"daytour","tour-type-7":"daytour","tour-type-9":"daytour","first_name":"Andrei","last_name":"Dionisio","email":"dionisio.andrei@gmail.com","contact_number":"09374583254","special_requests":"","total_amount":"2000.00","payment_method":"gcash","gcash_number":"0954532132","gcash_name":"Andrei Dionisio","room_id":["2"],"room_quantity":["1"],"room_price":["2000"],"room_type":["overnight"]}
[07-Apr-2025 19:33:10 Europe/Berlin] POST data: Array
(
    [check_in] => 2025-04-10
    [check_out] => 2025-04-11
    [adults] => 2
    [children] => 0
    [tour-type-1] => daytour
    [tour-type-2] => overnight
    [tour-type-3] => daytour
    [tour-type-5] => daytour
    [tour-type-6] => daytour
    [tour-type-7] => daytour
    [tour-type-9] => daytour
    [first_name] => Andrei
    [last_name] => Dionisio
    [email] => dionisio.andrei@gmail.com
    [contact_number] => 09374583254
    [special_requests] => 
    [total_amount] => 2000.00
    [payment_method] => gcash
    [gcash_number] => 0954532132
    [gcash_name] => Andrei Dionisio
    [room_id] => Array
        (
            [0] => 2
        )

    [room_quantity] => Array
        (
            [0] => 1
        )

    [room_price] => Array
        (
            [0] => 2000
        )

    [room_type] => Array
        (
            [0] => overnight
        )

)

[07-Apr-2025 19:33:10 Europe/Berlin] Check-in: 2025-04-10, Check-out: 2025-04-11, Nights: 1
[07-Apr-2025 19:33:10 Europe/Berlin] Reservation created with ID: 61
[07-Apr-2025 19:33:10 Europe/Berlin] Inserting room: reservation_id=61, room_id=2, quantity=1, price=2000
[07-Apr-2025 19:33:10 Europe/Berlin] Transaction committed successfully. Booking reference: P217440471902436
[07-Apr-2025 20:07:58 Europe/Berlin] Form submission received: {"check_in":"2025-04-09","check_out":"2025-04-10","adults":"3","children":"0","tour-type-1":"daytour","tour-type-2":"overnight","tour-type-4":"daytour","tour-type-5":"daytour","tour-type-6":"daytour","tour-type-7":"daytour","tour-type-8":"daytour","tour-type-9":"daytour","first_name":"Keith","last_name":"Samosa","email":"samosa.ikediezel@ue.edu.ph","contact_number":"09374583254","special_requests":"","total_amount":"1500.00","payment_method":"gcash","gcash_number":"0954532132","gcash_name":"Keith Samosa","room_id":["6"],"room_quantity":["1"],"room_price":["1500"],"room_type":["daytour"]}
[07-Apr-2025 20:07:58 Europe/Berlin] POST data: Array
(
    [check_in] => 2025-04-09
    [check_out] => 2025-04-10
    [adults] => 3
    [children] => 0
    [tour-type-1] => daytour
    [tour-type-2] => overnight
    [tour-type-4] => daytour
    [tour-type-5] => daytour
    [tour-type-6] => daytour
    [tour-type-7] => daytour
    [tour-type-8] => daytour
    [tour-type-9] => daytour
    [first_name] => Keith
    [last_name] => Samosa
    [email] => samosa.ikediezel@ue.edu.ph
    [contact_number] => 09374583254
    [special_requests] => 
    [total_amount] => 1500.00
    [payment_method] => gcash
    [gcash_number] => 0954532132
    [gcash_name] => Keith Samosa
    [room_id] => Array
        (
            [0] => 6
        )

    [room_quantity] => Array
        (
            [0] => 1
        )

    [room_price] => Array
        (
            [0] => 1500
        )

    [room_type] => Array
        (
            [0] => daytour
        )

)

[07-Apr-2025 20:07:58 Europe/Berlin] Check-in: 2025-04-09, Check-out: 2025-04-10, Nights: 1
[07-Apr-2025 20:07:58 Europe/Berlin] Reservation created with ID: 62
[07-Apr-2025 20:07:58 Europe/Berlin] Inserting room: reservation_id=62, room_id=6, quantity=1, price=1500
[07-Apr-2025 20:07:58 Europe/Berlin] Transaction committed successfully. Booking reference: P217440492781201
[07-Apr-2025 20:34:31 Europe/Berlin] Form submission received: {"check_in":"2025-04-11","check_out":"2025-04-12","adults":"2","children":"0","tour-type-1":"daytour","tour-type-2":"daytour","tour-type-3":"daytour","tour-type-4":"daytour","tour-type-5":"daytour","tour-type-6":"daytour","tour-type-7":"daytour","tour-type-8":"daytour","tour-type-9":"daytour","first_name":"Ike","last_name":"Samosa","email":"samosa.ikediezel@ue.edu.ph","contact_number":"09374583254","special_requests":"","total_amount":"1500.00","payment_method":"gcash","gcash_number":"0954532132","gcash_name":"Ike Samosa","room_id":["2"],"room_quantity":["1"],"room_price":["1500"],"room_type":["daytour"]}
[07-Apr-2025 20:34:31 Europe/Berlin] POST data: Array
(
    [check_in] => 2025-04-11
    [check_out] => 2025-04-12
    [adults] => 2
    [children] => 0
    [tour-type-1] => daytour
    [tour-type-2] => daytour
    [tour-type-3] => daytour
    [tour-type-4] => daytour
    [tour-type-5] => daytour
    [tour-type-6] => daytour
    [tour-type-7] => daytour
    [tour-type-8] => daytour
    [tour-type-9] => daytour
    [first_name] => Ike
    [last_name] => Samosa
    [email] => samosa.ikediezel@ue.edu.ph
    [contact_number] => 09374583254
    [special_requests] => 
    [total_amount] => 1500.00
    [payment_method] => gcash
    [gcash_number] => 0954532132
    [gcash_name] => Ike Samosa
    [room_id] => Array
        (
            [0] => 2
        )

    [room_quantity] => Array
        (
            [0] => 1
        )

    [room_price] => Array
        (
            [0] => 1500
        )

    [room_type] => Array
        (
            [0] => daytour
        )

)

[07-Apr-2025 20:34:31 Europe/Berlin] Check-in: 2025-04-11, Check-out: 2025-04-12, Nights: 1
[07-Apr-2025 20:34:31 Europe/Berlin] Reservation created with ID: 63
[07-Apr-2025 20:34:31 Europe/Berlin] Inserting room: reservation_id=63, room_id=2, quantity=1, price=1500
[07-Apr-2025 20:34:31 Europe/Berlin] Transaction committed successfully. Booking reference: P217440508717983
